2025-08-18 09:18:22.5146 - Info - WorkloadViewer.App : Starting application
2025-08-18 09:19:07.7188 - Warn - WorkloadViewer.Model.WorkloadAnalysis : Skipping invalid datapoint at 0 because of Exception:    at System.Data.SqlClient.SqlBuffer.get_Int64()
   at WorkloadViewer.Model.WorkloadAnalysis.Load() in C:\github\WorkloadTools\WorkloadViewer\Model\WorkloadAnalysis.cs:line 97
2025-08-18 09:19:07.7188 - Warn - WorkloadViewer.Model.WorkloadAnalysis : Skipping invalid datapoint at 0 because of Exception:    at System.Data.SqlClient.SqlBuffer.get_Int64()
   at WorkloadViewer.Model.WorkloadAnalysis.Load() in C:\github\WorkloadTools\WorkloadViewer\Model\WorkloadAnalysis.cs:line 97
2025-08-18 09:19:07.7188 - Warn - WorkloadViewer.Model.WorkloadAnalysis : Skipping invalid datapoint at 0 because of Exception:    at System.Data.SqlClient.SqlBuffer.get_Int64()
   at WorkloadViewer.Model.WorkloadAnalysis.Load() in C:\github\WorkloadTools\WorkloadViewer\Model\WorkloadAnalysis.cs:line 97
2025-08-18 09:19:07.7345 - Warn - WorkloadViewer.Model.WorkloadAnalysis : Skipping invalid datapoint at 0 because of Exception:    at System.Data.SqlClient.SqlBuffer.get_Int64()
   at WorkloadViewer.Model.WorkloadAnalysis.Load() in C:\github\WorkloadTools\WorkloadViewer\Model\WorkloadAnalysis.cs:line 97
2025-08-18 09:19:07.7345 - Warn - WorkloadViewer.Model.WorkloadAnalysis : Skipping invalid datapoint at 0 because of Exception:    at System.Data.SqlClient.SqlBuffer.get_Int64()
   at WorkloadViewer.Model.WorkloadAnalysis.Load() in C:\github\WorkloadTools\WorkloadViewer\Model\WorkloadAnalysis.cs:line 97
2025-08-18 09:19:07.7345 - Warn - WorkloadViewer.Model.WorkloadAnalysis : Skipping invalid datapoint at 0 because of Exception:    at System.Data.SqlClient.SqlBuffer.get_Int64()
   at WorkloadViewer.Model.WorkloadAnalysis.Load() in C:\github\WorkloadTools\WorkloadViewer\Model\WorkloadAnalysis.cs:line 97
2025-08-18 09:19:07.7345 - Warn - WorkloadViewer.Model.WorkloadAnalysis : Skipping invalid datapoint at 0 because of Exception:    at System.Data.SqlClient.SqlBuffer.get_Int64()
   at WorkloadViewer.Model.WorkloadAnalysis.Load() in C:\github\WorkloadTools\WorkloadViewer\Model\WorkloadAnalysis.cs:line 97
2025-08-18 09:19:07.7345 - Warn - WorkloadViewer.Model.WorkloadAnalysis : Skipping invalid datapoint at 0 because of Exception:    at System.Data.SqlClient.SqlBuffer.get_Int64()
   at WorkloadViewer.Model.WorkloadAnalysis.Load() in C:\github\WorkloadTools\WorkloadViewer\Model\WorkloadAnalysis.cs:line 97
2025-08-18 09:19:07.7345 - Warn - WorkloadViewer.Model.WorkloadAnalysis : Skipping invalid datapoint at 0 because of Exception:    at System.Data.SqlClient.SqlBuffer.get_Int64()
   at WorkloadViewer.Model.WorkloadAnalysis.Load() in C:\github\WorkloadTools\WorkloadViewer\Model\WorkloadAnalysis.cs:line 97
2025-08-18 09:19:07.8432 - Info - WorkloadViewer.ViewModel.MainViewModel : Entering baseline evaluation
2025-08-18 09:19:07.8494 - Info - WorkloadViewer.ViewModel.MainViewModel : Baseline evaluation completed
2025-08-18 09:19:07.8494 - Info - WorkloadViewer.ViewModel.MainViewModel : Entering benchmark evaluation
2025-08-18 09:19:07.8494 - Info - WorkloadViewer.ViewModel.MainViewModel : Benchmark evaluation completed
2025-08-18 09:19:07.8494 - Info - WorkloadViewer.ViewModel.MainViewModel : Merging sets
2025-08-18 09:19:07.8911 - Info - WorkloadViewer.ViewModel.MainViewModel : Sets merged
2025-08-18 09:20:07.0728 - Info - WorkloadViewer.ViewModel.MainViewModel : Entering baseline evaluation
2025-08-18 09:20:07.0728 - Info - WorkloadViewer.ViewModel.MainViewModel : Baseline evaluation completed
2025-08-18 09:20:07.0728 - Info - WorkloadViewer.ViewModel.MainViewModel : Entering benchmark evaluation
2025-08-18 09:20:07.0792 - Info - WorkloadViewer.ViewModel.MainViewModel : Benchmark evaluation completed
2025-08-18 09:20:07.0792 - Info - WorkloadViewer.ViewModel.MainViewModel : Merging sets
2025-08-18 09:20:07.0792 - Info - WorkloadViewer.ViewModel.MainViewModel : Sets merged
2025-08-18 09:20:08.2191 - Info - WorkloadViewer.ViewModel.MainViewModel : Entering baseline evaluation
2025-08-18 09:20:08.2191 - Info - WorkloadViewer.ViewModel.MainViewModel : Baseline evaluation completed
2025-08-18 09:20:08.2191 - Info - WorkloadViewer.ViewModel.MainViewModel : Entering benchmark evaluation
2025-08-18 09:20:08.2191 - Info - WorkloadViewer.ViewModel.MainViewModel : Benchmark evaluation completed
2025-08-18 09:20:08.2191 - Info - WorkloadViewer.ViewModel.MainViewModel : Merging sets
2025-08-18 09:20:08.2445 - Info - WorkloadViewer.ViewModel.MainViewModel : Sets merged
2025-08-18 09:20:12.0241 - Info - WorkloadViewer.ViewModel.MainViewModel : Entering baseline evaluation
2025-08-18 09:20:12.0241 - Info - WorkloadViewer.ViewModel.MainViewModel : Baseline evaluation completed
2025-08-18 09:20:12.0241 - Info - WorkloadViewer.ViewModel.MainViewModel : Entering benchmark evaluation
2025-08-18 09:20:12.0241 - Info - WorkloadViewer.ViewModel.MainViewModel : Benchmark evaluation completed
2025-08-18 09:20:12.0315 - Info - WorkloadViewer.ViewModel.MainViewModel : Merging sets
2025-08-18 09:20:12.0315 - Info - WorkloadViewer.ViewModel.MainViewModel : Sets merged
2025-08-18 09:23:37.1989 - Info - WorkloadViewer.App : Starting application
2025-08-18 09:24:57.0274 - Info - WorkloadViewer.App : Starting application
2025-08-18 09:24:58.4960 - Warn - WorkloadViewer.Model.WorkloadAnalysis : Skipping invalid datapoint at 0 because of Exception:    at System.Data.SqlClient.SqlBuffer.get_Int64()
   at WorkloadViewer.Model.WorkloadAnalysis.Load() in C:\github\WorkloadTools\WorkloadViewer\Model\WorkloadAnalysis.cs:line 97
2025-08-18 09:24:58.5067 - Warn - WorkloadViewer.Model.WorkloadAnalysis : Skipping invalid datapoint at 0 because of Exception:    at System.Data.SqlClient.SqlBuffer.get_Int64()
   at WorkloadViewer.Model.WorkloadAnalysis.Load() in C:\github\WorkloadTools\WorkloadViewer\Model\WorkloadAnalysis.cs:line 97
2025-08-18 09:24:58.5067 - Warn - WorkloadViewer.Model.WorkloadAnalysis : Skipping invalid datapoint at 0 because of Exception:    at System.Data.SqlClient.SqlBuffer.get_Int64()
   at WorkloadViewer.Model.WorkloadAnalysis.Load() in C:\github\WorkloadTools\WorkloadViewer\Model\WorkloadAnalysis.cs:line 97
2025-08-18 09:24:58.5067 - Warn - WorkloadViewer.Model.WorkloadAnalysis : Skipping invalid datapoint at 0 because of Exception:    at System.Data.SqlClient.SqlBuffer.get_Int64()
   at WorkloadViewer.Model.WorkloadAnalysis.Load() in C:\github\WorkloadTools\WorkloadViewer\Model\WorkloadAnalysis.cs:line 97
2025-08-18 09:24:58.5067 - Warn - WorkloadViewer.Model.WorkloadAnalysis : Skipping invalid datapoint at 0 because of Exception:    at System.Data.SqlClient.SqlBuffer.get_Int64()
   at WorkloadViewer.Model.WorkloadAnalysis.Load() in C:\github\WorkloadTools\WorkloadViewer\Model\WorkloadAnalysis.cs:line 97
2025-08-18 09:24:58.5067 - Warn - WorkloadViewer.Model.WorkloadAnalysis : Skipping invalid datapoint at 0 because of Exception:    at System.Data.SqlClient.SqlBuffer.get_Int64()
   at WorkloadViewer.Model.WorkloadAnalysis.Load() in C:\github\WorkloadTools\WorkloadViewer\Model\WorkloadAnalysis.cs:line 97
2025-08-18 09:24:58.5178 - Warn - WorkloadViewer.Model.WorkloadAnalysis : Skipping invalid datapoint at 0 because of Exception:    at System.Data.SqlClient.SqlBuffer.get_Int64()
   at WorkloadViewer.Model.WorkloadAnalysis.Load() in C:\github\WorkloadTools\WorkloadViewer\Model\WorkloadAnalysis.cs:line 97
2025-08-18 09:24:58.5178 - Warn - WorkloadViewer.Model.WorkloadAnalysis : Skipping invalid datapoint at 0 because of Exception:    at System.Data.SqlClient.SqlBuffer.get_Int64()
   at WorkloadViewer.Model.WorkloadAnalysis.Load() in C:\github\WorkloadTools\WorkloadViewer\Model\WorkloadAnalysis.cs:line 97
2025-08-18 09:24:58.5178 - Warn - WorkloadViewer.Model.WorkloadAnalysis : Skipping invalid datapoint at 0 because of Exception:    at System.Data.SqlClient.SqlBuffer.get_Int64()
   at WorkloadViewer.Model.WorkloadAnalysis.Load() in C:\github\WorkloadTools\WorkloadViewer\Model\WorkloadAnalysis.cs:line 97
2025-08-18 09:24:58.5909 - Info - WorkloadViewer.ViewModel.MainViewModel : Entering baseline evaluation
2025-08-18 09:24:58.5909 - Info - WorkloadViewer.ViewModel.MainViewModel : Baseline evaluation completed
2025-08-18 09:24:58.5939 - Info - WorkloadViewer.ViewModel.MainViewModel : Entering benchmark evaluation
2025-08-18 09:24:58.5939 - Info - WorkloadViewer.ViewModel.MainViewModel : Benchmark evaluation completed
2025-08-18 09:24:58.5939 - Info - WorkloadViewer.ViewModel.MainViewModel : Merging sets
2025-08-18 09:24:58.6353 - Info - WorkloadViewer.ViewModel.MainViewModel : Sets merged
2025-08-18 09:28:27.5058 - Info - WorkloadViewer.App : Starting application
2025-08-18 09:28:30.2135 - Warn - WorkloadViewer.Model.WorkloadAnalysis : Skipping invalid datapoint at 0 because of Exception:    at System.Data.SqlClient.SqlBuffer.get_Int64()
   at WorkloadViewer.Model.WorkloadAnalysis.Load() in C:\github\WorkloadTools\WorkloadViewer\Model\WorkloadAnalysis.cs:line 97
2025-08-18 09:28:30.2379 - Warn - WorkloadViewer.Model.WorkloadAnalysis : Skipping invalid datapoint at 0 because of Exception:    at System.Data.SqlClient.SqlBuffer.get_Int64()
   at WorkloadViewer.Model.WorkloadAnalysis.Load() in C:\github\WorkloadTools\WorkloadViewer\Model\WorkloadAnalysis.cs:line 97
2025-08-18 09:28:30.2379 - Warn - WorkloadViewer.Model.WorkloadAnalysis : Skipping invalid datapoint at 0 because of Exception:    at System.Data.SqlClient.SqlBuffer.get_Int64()
   at WorkloadViewer.Model.WorkloadAnalysis.Load() in C:\github\WorkloadTools\WorkloadViewer\Model\WorkloadAnalysis.cs:line 97
2025-08-18 09:28:30.2379 - Warn - WorkloadViewer.Model.WorkloadAnalysis : Skipping invalid datapoint at 0 because of Exception:    at System.Data.SqlClient.SqlBuffer.get_Int64()
   at WorkloadViewer.Model.WorkloadAnalysis.Load() in C:\github\WorkloadTools\WorkloadViewer\Model\WorkloadAnalysis.cs:line 97
2025-08-18 09:28:30.2528 - Warn - WorkloadViewer.Model.WorkloadAnalysis : Skipping invalid datapoint at 0 because of Exception:    at System.Data.SqlClient.SqlBuffer.get_Int64()
   at WorkloadViewer.Model.WorkloadAnalysis.Load() in C:\github\WorkloadTools\WorkloadViewer\Model\WorkloadAnalysis.cs:line 97
2025-08-18 09:28:30.2528 - Warn - WorkloadViewer.Model.WorkloadAnalysis : Skipping invalid datapoint at 0 because of Exception:    at System.Data.SqlClient.SqlBuffer.get_Int64()
   at WorkloadViewer.Model.WorkloadAnalysis.Load() in C:\github\WorkloadTools\WorkloadViewer\Model\WorkloadAnalysis.cs:line 97
2025-08-18 09:28:30.2528 - Warn - WorkloadViewer.Model.WorkloadAnalysis : Skipping invalid datapoint at 0 because of Exception:    at System.Data.SqlClient.SqlBuffer.get_Int64()
   at WorkloadViewer.Model.WorkloadAnalysis.Load() in C:\github\WorkloadTools\WorkloadViewer\Model\WorkloadAnalysis.cs:line 97
2025-08-18 09:28:30.2706 - Warn - WorkloadViewer.Model.WorkloadAnalysis : Skipping invalid datapoint at 0 because of Exception:    at System.Data.SqlClient.SqlBuffer.get_Int64()
   at WorkloadViewer.Model.WorkloadAnalysis.Load() in C:\github\WorkloadTools\WorkloadViewer\Model\WorkloadAnalysis.cs:line 97
2025-08-18 09:28:30.2706 - Warn - WorkloadViewer.Model.WorkloadAnalysis : Skipping invalid datapoint at 0 because of Exception:    at System.Data.SqlClient.SqlBuffer.get_Int64()
   at WorkloadViewer.Model.WorkloadAnalysis.Load() in C:\github\WorkloadTools\WorkloadViewer\Model\WorkloadAnalysis.cs:line 97
2025-08-18 09:28:30.6036 - Info - WorkloadViewer.ViewModel.MainViewModel : Entering baseline evaluation
2025-08-18 09:28:30.6036 - Info - WorkloadViewer.ViewModel.MainViewModel : Baseline evaluation completed
2025-08-18 09:28:30.6095 - Info - WorkloadViewer.ViewModel.MainViewModel : Entering benchmark evaluation
2025-08-18 09:28:30.6095 - Info - WorkloadViewer.ViewModel.MainViewModel : Benchmark evaluation completed
2025-08-18 09:28:30.6095 - Info - WorkloadViewer.ViewModel.MainViewModel : Merging sets
2025-08-18 09:28:30.6853 - Info - WorkloadViewer.ViewModel.MainViewModel : Sets merged
2025-08-18 09:29:04.8127 - Info - WorkloadViewer.App : Starting application
2025-08-18 09:29:06.3908 - Warn - WorkloadViewer.Model.WorkloadAnalysis : Skipping invalid datapoint at 0 because of Exception:    at System.Data.SqlClient.SqlBuffer.get_Int64()
   at WorkloadViewer.Model.WorkloadAnalysis.Load() in C:\github\WorkloadTools\WorkloadViewer\Model\WorkloadAnalysis.cs:line 97
2025-08-18 09:29:06.3908 - Warn - WorkloadViewer.Model.WorkloadAnalysis : Skipping invalid datapoint at 0 because of Exception:    at System.Data.SqlClient.SqlBuffer.get_Int64()
   at WorkloadViewer.Model.WorkloadAnalysis.Load() in C:\github\WorkloadTools\WorkloadViewer\Model\WorkloadAnalysis.cs:line 97
2025-08-18 09:29:06.3908 - Warn - WorkloadViewer.Model.WorkloadAnalysis : Skipping invalid datapoint at 0 because of Exception:    at System.Data.SqlClient.SqlBuffer.get_Int64()
   at WorkloadViewer.Model.WorkloadAnalysis.Load() in C:\github\WorkloadTools\WorkloadViewer\Model\WorkloadAnalysis.cs:line 97
2025-08-18 09:29:06.3908 - Warn - WorkloadViewer.Model.WorkloadAnalysis : Skipping invalid datapoint at 0 because of Exception:    at System.Data.SqlClient.SqlBuffer.get_Int64()
   at WorkloadViewer.Model.WorkloadAnalysis.Load() in C:\github\WorkloadTools\WorkloadViewer\Model\WorkloadAnalysis.cs:line 97
2025-08-18 09:29:06.4078 - Warn - WorkloadViewer.Model.WorkloadAnalysis : Skipping invalid datapoint at 0 because of Exception:    at System.Data.SqlClient.SqlBuffer.get_Int64()
   at WorkloadViewer.Model.WorkloadAnalysis.Load() in C:\github\WorkloadTools\WorkloadViewer\Model\WorkloadAnalysis.cs:line 97
2025-08-18 09:29:06.4078 - Warn - WorkloadViewer.Model.WorkloadAnalysis : Skipping invalid datapoint at 0 because of Exception:    at System.Data.SqlClient.SqlBuffer.get_Int64()
   at WorkloadViewer.Model.WorkloadAnalysis.Load() in C:\github\WorkloadTools\WorkloadViewer\Model\WorkloadAnalysis.cs:line 97
2025-08-18 09:29:06.4078 - Warn - WorkloadViewer.Model.WorkloadAnalysis : Skipping invalid datapoint at 0 because of Exception:    at System.Data.SqlClient.SqlBuffer.get_Int64()
   at WorkloadViewer.Model.WorkloadAnalysis.Load() in C:\github\WorkloadTools\WorkloadViewer\Model\WorkloadAnalysis.cs:line 97
2025-08-18 09:29:06.4078 - Warn - WorkloadViewer.Model.WorkloadAnalysis : Skipping invalid datapoint at 0 because of Exception:    at System.Data.SqlClient.SqlBuffer.get_Int64()
   at WorkloadViewer.Model.WorkloadAnalysis.Load() in C:\github\WorkloadTools\WorkloadViewer\Model\WorkloadAnalysis.cs:line 97
2025-08-18 09:29:06.4217 - Warn - WorkloadViewer.Model.WorkloadAnalysis : Skipping invalid datapoint at 0 because of Exception:    at System.Data.SqlClient.SqlBuffer.get_Int64()
   at WorkloadViewer.Model.WorkloadAnalysis.Load() in C:\github\WorkloadTools\WorkloadViewer\Model\WorkloadAnalysis.cs:line 97
2025-08-18 09:29:06.4888 - Info - WorkloadViewer.ViewModel.MainViewModel : Entering baseline evaluation
2025-08-18 09:29:06.4888 - Info - WorkloadViewer.ViewModel.MainViewModel : Baseline evaluation completed
2025-08-18 09:29:06.4888 - Info - WorkloadViewer.ViewModel.MainViewModel : Entering benchmark evaluation
2025-08-18 09:29:06.4888 - Info - WorkloadViewer.ViewModel.MainViewModel : Benchmark evaluation completed
2025-08-18 09:29:06.4888 - Info - WorkloadViewer.ViewModel.MainViewModel : Merging sets
2025-08-18 09:29:06.5502 - Info - WorkloadViewer.ViewModel.MainViewModel : Sets merged
2025-08-18 09:30:35.8461 - Info - WorkloadViewer.App : Starting application
2025-08-18 09:30:37.5120 - Warn - WorkloadViewer.Model.WorkloadAnalysis : Skipping invalid datapoint at 0 because of Exception:    at System.Data.SqlClient.SqlBuffer.get_Int64()
   at WorkloadViewer.Model.WorkloadAnalysis.Load() in C:\github\WorkloadTools\WorkloadViewer\Model\WorkloadAnalysis.cs:line 97
2025-08-18 09:30:37.5206 - Warn - WorkloadViewer.Model.WorkloadAnalysis : Skipping invalid datapoint at 0 because of Exception:    at System.Data.SqlClient.SqlBuffer.get_Int64()
   at WorkloadViewer.Model.WorkloadAnalysis.Load() in C:\github\WorkloadTools\WorkloadViewer\Model\WorkloadAnalysis.cs:line 97
2025-08-18 09:30:37.5206 - Warn - WorkloadViewer.Model.WorkloadAnalysis : Skipping invalid datapoint at 0 because of Exception:    at System.Data.SqlClient.SqlBuffer.get_Int64()
   at WorkloadViewer.Model.WorkloadAnalysis.Load() in C:\github\WorkloadTools\WorkloadViewer\Model\WorkloadAnalysis.cs:line 97
2025-08-18 09:30:37.5206 - Warn - WorkloadViewer.Model.WorkloadAnalysis : Skipping invalid datapoint at 0 because of Exception:    at System.Data.SqlClient.SqlBuffer.get_Int64()
   at WorkloadViewer.Model.WorkloadAnalysis.Load() in C:\github\WorkloadTools\WorkloadViewer\Model\WorkloadAnalysis.cs:line 97
2025-08-18 09:30:37.5206 - Warn - WorkloadViewer.Model.WorkloadAnalysis : Skipping invalid datapoint at 0 because of Exception:    at System.Data.SqlClient.SqlBuffer.get_Int64()
   at WorkloadViewer.Model.WorkloadAnalysis.Load() in C:\github\WorkloadTools\WorkloadViewer\Model\WorkloadAnalysis.cs:line 97
2025-08-18 09:30:37.5315 - Warn - WorkloadViewer.Model.WorkloadAnalysis : Skipping invalid datapoint at 0 because of Exception:    at System.Data.SqlClient.SqlBuffer.get_Int64()
   at WorkloadViewer.Model.WorkloadAnalysis.Load() in C:\github\WorkloadTools\WorkloadViewer\Model\WorkloadAnalysis.cs:line 97
2025-08-18 09:30:37.5315 - Warn - WorkloadViewer.Model.WorkloadAnalysis : Skipping invalid datapoint at 0 because of Exception:    at System.Data.SqlClient.SqlBuffer.get_Int64()
   at WorkloadViewer.Model.WorkloadAnalysis.Load() in C:\github\WorkloadTools\WorkloadViewer\Model\WorkloadAnalysis.cs:line 97
2025-08-18 09:30:37.5315 - Warn - WorkloadViewer.Model.WorkloadAnalysis : Skipping invalid datapoint at 0 because of Exception:    at System.Data.SqlClient.SqlBuffer.get_Int64()
   at WorkloadViewer.Model.WorkloadAnalysis.Load() in C:\github\WorkloadTools\WorkloadViewer\Model\WorkloadAnalysis.cs:line 97
2025-08-18 09:30:37.5315 - Warn - WorkloadViewer.Model.WorkloadAnalysis : Skipping invalid datapoint at 0 because of Exception:    at System.Data.SqlClient.SqlBuffer.get_Int64()
   at WorkloadViewer.Model.WorkloadAnalysis.Load() in C:\github\WorkloadTools\WorkloadViewer\Model\WorkloadAnalysis.cs:line 97
2025-08-18 09:30:37.6088 - Info - WorkloadViewer.ViewModel.MainViewModel : Entering baseline evaluation
2025-08-18 09:30:37.6118 - Info - WorkloadViewer.ViewModel.MainViewModel : Baseline evaluation completed
2025-08-18 09:30:37.6118 - Info - WorkloadViewer.ViewModel.MainViewModel : Entering benchmark evaluation
2025-08-18 09:30:37.6118 - Info - WorkloadViewer.ViewModel.MainViewModel : Benchmark evaluation completed
2025-08-18 09:30:37.6118 - Info - WorkloadViewer.ViewModel.MainViewModel : Merging sets
2025-08-18 09:30:37.6812 - Info - WorkloadViewer.ViewModel.MainViewModel : Sets merged
2025-08-18 10:15:30.6467 - Info - WorkloadViewer.App : Starting application
2025-08-18 10:16:28.6540 - Info - WorkloadViewer.App : Starting application
2025-08-18 10:16:30.2073 - Info - WorkloadViewer.ViewModel.MainViewModel : Entering baseline evaluation
2025-08-18 10:16:30.2073 - Info - WorkloadViewer.ViewModel.MainViewModel : Baseline evaluation completed
2025-08-18 10:16:30.2073 - Info - WorkloadViewer.ViewModel.MainViewModel : Entering benchmark evaluation
2025-08-18 10:16:30.2073 - Info - WorkloadViewer.ViewModel.MainViewModel : Benchmark evaluation completed
2025-08-18 10:16:30.2073 - Info - WorkloadViewer.ViewModel.MainViewModel : Merging sets
2025-08-18 10:16:30.2452 - Info - WorkloadViewer.ViewModel.MainViewModel : Sets merged
2025-08-18 10:21:07.3718 - Info - WorkloadViewer.App : Starting application
2025-08-18 10:21:09.8749 - Info - WorkloadViewer.ViewModel.MainViewModel : Entering baseline evaluation
2025-08-18 10:21:09.8749 - Info - WorkloadViewer.ViewModel.MainViewModel : Baseline evaluation completed
2025-08-18 10:21:09.8749 - Info - WorkloadViewer.ViewModel.MainViewModel : Entering benchmark evaluation
2025-08-18 10:21:09.8749 - Info - WorkloadViewer.ViewModel.MainViewModel : Benchmark evaluation completed
2025-08-18 10:21:09.8749 - Info - WorkloadViewer.ViewModel.MainViewModel : Merging sets
2025-08-18 10:21:09.9401 - Info - WorkloadViewer.ViewModel.MainViewModel : Sets merged
2025-08-18 10:25:00.9213 - Info - WorkloadViewer.App : Starting application
2025-08-18 10:25:03.2499 - Info - WorkloadViewer.ViewModel.MainViewModel : Entering baseline evaluation
2025-08-18 10:25:03.2499 - Info - WorkloadViewer.ViewModel.MainViewModel : Baseline evaluation completed
2025-08-18 10:25:03.2499 - Info - WorkloadViewer.ViewModel.MainViewModel : Entering benchmark evaluation
2025-08-18 10:25:03.2499 - Info - WorkloadViewer.ViewModel.MainViewModel : Benchmark evaluation completed
2025-08-18 10:25:03.2499 - Info - WorkloadViewer.ViewModel.MainViewModel : Merging sets
2025-08-18 10:25:03.3199 - Info - WorkloadViewer.ViewModel.MainViewModel : Sets merged
2025-08-18 10:32:21.5766 - Info - WorkloadViewer.App : Starting application
2025-08-18 10:32:23.6381 - Info - WorkloadViewer.ViewModel.MainViewModel : Entering baseline evaluation
2025-08-18 10:32:23.6421 - Info - WorkloadViewer.ViewModel.MainViewModel : Baseline evaluation completed
2025-08-18 10:32:23.6421 - Info - WorkloadViewer.ViewModel.MainViewModel : Entering benchmark evaluation
2025-08-18 10:32:23.6421 - Info - WorkloadViewer.ViewModel.MainViewModel : Benchmark evaluation completed
2025-08-18 10:32:23.6421 - Info - WorkloadViewer.ViewModel.MainViewModel : Merging sets
2025-08-18 10:32:23.6932 - Info - WorkloadViewer.ViewModel.MainViewModel : Sets merged
2025-08-18 10:33:50.9059 - Info - WorkloadViewer.App : Starting application
2025-08-18 10:33:52.7133 - Info - WorkloadViewer.ViewModel.MainViewModel : Entering baseline evaluation
2025-08-18 10:33:52.7133 - Info - WorkloadViewer.ViewModel.MainViewModel : Baseline evaluation completed
2025-08-18 10:33:52.7133 - Info - WorkloadViewer.ViewModel.MainViewModel : Entering benchmark evaluation
2025-08-18 10:33:52.7198 - Info - WorkloadViewer.ViewModel.MainViewModel : Benchmark evaluation completed
2025-08-18 10:33:52.7198 - Info - WorkloadViewer.ViewModel.MainViewModel : Merging sets
2025-08-18 10:33:52.7598 - Info - WorkloadViewer.ViewModel.MainViewModel : Sets merged
2025-08-18 10:37:42.6326 - Info - WorkloadViewer.App : Starting application
2025-08-18 10:37:44.5884 - Info - WorkloadViewer.ViewModel.MainViewModel : Entering baseline evaluation
2025-08-18 10:37:44.5884 - Info - WorkloadViewer.ViewModel.MainViewModel : Baseline evaluation completed
2025-08-18 10:37:44.5934 - Info - WorkloadViewer.ViewModel.MainViewModel : Entering benchmark evaluation
2025-08-18 10:37:44.5934 - Info - WorkloadViewer.ViewModel.MainViewModel : Benchmark evaluation completed
2025-08-18 10:37:44.5934 - Info - WorkloadViewer.ViewModel.MainViewModel : Merging sets
2025-08-18 10:37:44.6333 - Info - WorkloadViewer.ViewModel.MainViewModel : Sets merged
2025-08-18 10:44:19.8276 - Info - WorkloadViewer.App : Starting application
2025-08-18 10:44:21.5423 - Info - WorkloadViewer.ViewModel.MainViewModel : Entering baseline evaluation
2025-08-18 10:44:21.5423 - Info - WorkloadViewer.ViewModel.MainViewModel : Baseline evaluation completed
2025-08-18 10:44:21.5468 - Info - WorkloadViewer.ViewModel.MainViewModel : Entering benchmark evaluation
2025-08-18 10:44:21.5468 - Info - WorkloadViewer.ViewModel.MainViewModel : Benchmark evaluation completed
2025-08-18 10:44:21.5468 - Info - WorkloadViewer.ViewModel.MainViewModel : Merging sets
2025-08-18 10:44:21.5853 - Info - WorkloadViewer.ViewModel.MainViewModel : Sets merged
2025-08-18 10:48:18.8201 - Info - WorkloadViewer.App : Starting application
2025-08-18 15:51:19.8732 - Info - WorkloadViewer.App : Starting application
2025-08-18 15:51:22.5338 - Info - WorkloadViewer.ViewModel.MainViewModel : Entering baseline evaluation
2025-08-18 15:51:22.5338 - Info - WorkloadViewer.ViewModel.MainViewModel : Baseline evaluation completed
2025-08-18 15:51:22.5338 - Info - WorkloadViewer.ViewModel.MainViewModel : Entering benchmark evaluation
2025-08-18 15:51:22.5338 - Info - WorkloadViewer.ViewModel.MainViewModel : Benchmark evaluation completed
2025-08-18 15:51:22.5479 - Info - WorkloadViewer.ViewModel.MainViewModel : Merging sets
2025-08-18 15:51:22.5965 - Info - WorkloadViewer.ViewModel.MainViewModel : Sets merged
2025-08-18 15:59:55.9169 - Info - WorkloadViewer.App : Starting application
2025-08-18 16:04:22.5661 - Info - WorkloadViewer.ViewModel.MainViewModel : Entering baseline evaluation
2025-08-18 16:04:22.5661 - Info - WorkloadViewer.ViewModel.MainViewModel : Baseline evaluation completed
2025-08-18 16:04:22.5661 - Info - WorkloadViewer.ViewModel.MainViewModel : Entering benchmark evaluation
2025-08-18 16:04:22.5661 - Info - WorkloadViewer.ViewModel.MainViewModel : Benchmark evaluation completed
2025-08-18 16:04:22.5661 - Info - WorkloadViewer.ViewModel.MainViewModel : Merging sets
2025-08-18 16:04:22.6068 - Info - WorkloadViewer.ViewModel.MainViewModel : Sets merged
2025-08-18 16:23:37.6856 - Info - WorkloadViewer.App : Starting application
2025-08-18 16:23:40.3636 - Warn - WorkloadViewer.Model.WorkloadAnalysis : Skipping invalid datapoint at 0 because of Exception:    at System.Data.SqlClient.SqlBuffer.get_Int64()
   at WorkloadViewer.Model.WorkloadAnalysis.Load() in C:\github\WorkloadTools\WorkloadViewer\Model\WorkloadAnalysis.cs:line 97
2025-08-18 16:23:40.8664 - Info - WorkloadViewer.ViewModel.MainViewModel : Entering baseline evaluation
2025-08-18 16:23:40.8664 - Info - WorkloadViewer.ViewModel.MainViewModel : Baseline evaluation completed
2025-08-18 16:23:40.8759 - Info - WorkloadViewer.ViewModel.MainViewModel : Entering benchmark evaluation
2025-08-18 16:23:40.8759 - Info - WorkloadViewer.ViewModel.MainViewModel : Benchmark evaluation completed
2025-08-18 16:23:40.8759 - Info - WorkloadViewer.ViewModel.MainViewModel : Merging sets
2025-08-18 16:23:40.9047 - Info - WorkloadViewer.ViewModel.MainViewModel : Sets merged
